[2018-05-21 21:48:25,980][INFO][general] --------------------------------------------------
[2018-05-21 21:50:34,040][INFO][general] --------------------------------------------------
[2018-05-21 21:54:40,261][INFO][general] --------------------------------------------------
[2018-05-21 21:57:10,495][INFO][general] --------------------------------------------------
[2018-05-21 21:57:21,968][INFO][general] Preset "empty" has been added
[2018-05-21 21:57:32,123][INFO][general] Preset "Basic" has been changed
[2018-05-21 21:58:55,929][INFO][general] --------------------------------------------------
[2018-05-21 21:59:47,538][INFO][general] The task "Exercise 1: Basic (try 0)" has been added to queue
[2018-05-21 21:59:47,592][INFO][general] The task "Exercise 1: Basic (try 0)" has been started, beginning with iteration 0
[2018-05-21 22:00:47,231][INFO][general] --------------------------------------------------
[2018-05-21 22:00:52,955][INFO][general] The task "Exercise 1: Basic (try 1)" has been added to queue
[2018-05-21 22:00:52,987][INFO][general] The task "Exercise 1: Basic (try 1)" has been started, beginning with iteration 0
[2018-05-21 22:01:40,545][INFO][general] --------------------------------------------------
[2018-05-21 22:01:46,736][INFO][general] The task "Exercise 1: Basic (try 2)" has been added to queue
[2018-05-21 22:01:46,768][INFO][general] The task "Exercise 1: Basic (try 2)" has been started, beginning with iteration 0
[2018-05-21 22:01:49,394][ERROR][general] The task "Exercise 1: Basic (try 2)" has been stopped due to an error after 0 finished iterations
[2018-05-21 22:02:54,363][INFO][general] --------------------------------------------------
[2018-05-21 22:03:01,653][INFO][general] The task "Exercise 1: Basic (try 2)" has been added to queue
[2018-05-21 22:03:01,734][INFO][general] The task "Exercise 1: Basic (try 2)" has been started, beginning with iteration 0
[2018-05-21 22:03:01,805][ERROR][general] The task "Exercise 1: Basic (try 2)" has been stopped due to an error after 0 finished iterations
[2018-05-21 22:11:09,769][INFO][general] --------------------------------------------------
[2018-05-21 22:11:14,527][INFO][general] The task "Exercise 1: Basic (try 2)" has been added to queue
[2018-05-21 22:11:14,647][INFO][general] The task "Exercise 1: Basic (try 2)" has been started, beginning with iteration 0
[2018-05-21 22:15:20,709][INFO][general] --------------------------------------------------
[2018-05-21 22:15:29,321][INFO][general] The task "Exercise 1: Basic (try 2)" has been added to queue
[2018-05-21 22:15:29,380][INFO][general] The task "Exercise 1: Basic (try 2)" has been started, beginning with iteration 0
[2018-05-21 22:16:29,936][ERROR][general] The task "Exercise 1: Basic (try 2)" has been stopped due to an error after 0 finished iterations
[2018-05-21 22:16:56,314][INFO][general] --------------------------------------------------
[2018-05-21 22:17:36,588][INFO][general] --------------------------------------------------
[2018-05-21 22:17:42,429][INFO][general] The task "Exercise 1: Basic (try 2)" has been added to queue
[2018-05-21 22:17:42,494][INFO][general] The task "Exercise 1: Basic (try 2)" has been started, beginning with iteration 0
[2018-05-21 22:17:43,030][ERROR][general] The task "Exercise 1: Basic (try 2)" has been stopped due to an error after 0 finished iterations
[2018-05-21 22:18:08,029][INFO][general] The task "Exercise 1: Basic (try 2)" has been added to queue
[2018-05-21 22:18:08,098][INFO][general] The task "Exercise 1: Basic (try 2)" has been started, beginning with iteration 0
[2018-05-21 22:18:08,698][ERROR][general] The task "Exercise 1: Basic (try 2)" has been stopped due to an error after 0 finished iterations
[2018-05-21 22:19:17,747][INFO][general] The task "Exercise 1: Basic (try 2)" has been added to queue
[2018-05-21 22:19:17,834][INFO][general] The task "Exercise 1: Basic (try 2)" has been started, beginning with iteration 0
[2018-05-21 22:19:48,266][ERROR][general] The task "Exercise 1: Basic (try 2)" has been stopped due to an error after 0 finished iterations
[2018-05-21 22:21:18,701][INFO][general] --------------------------------------------------
[2018-05-21 22:21:23,158][INFO][general] The task "Exercise 1: Basic (try 2)" has been added to queue
[2018-05-21 22:21:23,264][INFO][general] The task "Exercise 1: Basic (try 2)" has been started, beginning with iteration 0
[2018-05-21 22:21:23,864][ERROR][general] The task "Exercise 1: Basic (try 2)" has been stopped due to an error after 0 finished iterations
[2018-05-21 22:23:36,797][INFO][general] --------------------------------------------------
[2018-05-21 22:23:41,055][INFO][general] The task "Exercise 1: Basic (try 2)" has been added to queue
[2018-05-21 22:23:41,135][INFO][general] The task "Exercise 1: Basic (try 2)" has been started, beginning with iteration 0
[2018-05-21 22:24:30,914][ERROR][general] The task "Exercise 1: Basic (try 2)" has been stopped due to an error after 0 finished iterations
[2018-05-21 22:25:44,896][INFO][general] --------------------------------------------------
[2018-05-21 22:25:45,671][INFO][general] The task "Exercise 1: Basic (try 2)" has been added to queue
[2018-05-21 22:25:45,754][INFO][general] The task "Exercise 1: Basic (try 2)" has been started, beginning with iteration 0
[2018-05-21 22:31:48,716][ERROR][general] The task "Exercise 1: Basic (try 2)" has been stopped due to an error after 0 finished iterations
[2018-05-21 22:34:58,955][INFO][general] --------------------------------------------------
[2018-05-21 22:35:06,712][INFO][general] The task "Exercise 1: Basic (try 2)" has been added to queue
[2018-05-21 22:35:06,769][INFO][general] The task "Exercise 1: Basic (try 2)" has been started, beginning with iteration 0
[2018-05-21 22:35:28,745][INFO][general] --------------------------------------------------
[2018-05-21 22:35:33,346][INFO][general] The task "Exercise 1: Basic (try 2)" has been added to queue
[2018-05-21 22:35:33,428][INFO][general] The task "Exercise 1: Basic (try 2)" has been started, beginning with iteration 0
[2018-05-21 22:37:03,958][ERROR][general] The task "Exercise 1: Basic (try 2)" has been stopped due to an error after 0 finished iterations
[2018-05-21 22:37:21,708][INFO][general] --------------------------------------------------
[2018-05-21 22:37:26,112][INFO][general] The task "Exercise 1: Basic (try 2)" has been added to queue
[2018-05-21 22:37:26,179][INFO][general] The task "Exercise 1: Basic (try 2)" has been started, beginning with iteration 0
[2018-05-21 22:39:02,739][ERROR][general] The task "Exercise 1: Basic (try 2)" has been stopped due to an error after 0 finished iterations
[2018-05-21 22:39:18,257][INFO][general] --------------------------------------------------
[2018-05-21 22:39:22,494][INFO][general] The task "Exercise 1: Basic (try 2)" has been added to queue
[2018-05-21 22:39:22,563][INFO][general] The task "Exercise 1: Basic (try 2)" has been started, beginning with iteration 0
[2018-05-21 22:40:09,020][INFO][general] The task "Exercise 1: Basic (try 2)" has been finished after 10 finished iterations
[2018-05-21 22:40:26,376][INFO][general] Starting tensorboard for project "Exercise 1"...
[2018-05-21 22:49:59,587][INFO][general] --------------------------------------------------
[2018-05-21 22:50:09,564][INFO][general] The task "Exercise 1: Basic (try 3)" has been added to queue
[2018-05-21 22:50:09,642][INFO][general] The task "Exercise 1: Basic (try 3)" has been started, beginning with iteration 0
[2018-05-21 22:51:03,190][ERROR][general] The task "Exercise 1: Basic (try 3)" has been stopped due to an error after 0 finished iterations
[2018-05-21 22:52:33,268][INFO][general] --------------------------------------------------
[2018-05-21 22:52:33,592][INFO][general] The task "Exercise 1: Basic (try 3)" has been added to queue
[2018-05-21 22:52:33,658][INFO][general] The task "Exercise 1: Basic (try 3)" has been started, beginning with iteration 0
[2018-05-21 22:53:17,034][INFO][general] The task "Exercise 1: Basic (try 3)" has been finished after 100 finished iterations
[2018-05-21 22:53:36,246][INFO][general] Starting tensorboard for project "Exercise 1"...
[2018-05-21 23:05:42,238][INFO][general] --------------------------------------------------
[2018-05-21 23:05:57,811][INFO][general] The task "Exercise 1: Basic (try 0)" has been added to queue
[2018-05-21 23:05:57,876][INFO][general] The task "Exercise 1: Basic (try 0)" has been started, beginning with iteration 0
[2018-05-21 23:06:42,645][INFO][general] The task "Exercise 1: Basic (try 0)" has been finished after 100 finished iterations
[2018-05-21 23:06:47,058][INFO][general] Starting tensorboard for project "Exercise 1"...
[2018-05-21 23:39:04,083][INFO][general] --------------------------------------------------
[2018-05-21 23:39:52,795][INFO][general] The task "Exercise 1: Basic (try 1)" has been added to queue
[2018-05-21 23:39:52,861][INFO][general] The task "Exercise 1: Basic (try 1)" has been started, beginning with iteration 0
[2018-05-21 23:41:06,708][INFO][general] The task "Exercise 1: Basic (try 1)" has been finished after 10 finished iterations
[2018-05-21 23:41:28,190][INFO][general] The task "Exercise 1: Basic (try 1)" has been added to queue
[2018-05-21 23:41:28,273][INFO][general] The task "Exercise 1: Basic (try 1)" has been started, beginning with iteration 10
[2018-05-21 23:42:30,821][INFO][general] The task "Exercise 1: Basic (try 1)" has been finished after 20 finished iterations
[2018-05-21 23:42:45,140][INFO][general] Starting tensorboard for project "Exercise 1"...
